<?xml version="1.0" encoding="UTF-8"?>
<!-- Generated by org.testng.reporters.JUnitXMLReporter -->
<testsuite hostname="charan" ignored="4" name="testng_test" tests="9" failures="1" timestamp="2019-11-22T05:51:38 IST" time="30.855" errors="0">
  <testcase name="FB_textbox" time="0.103" classname="testng_package.FB_Testng_Class">
    <failure type="org.openqa.selenium.NoSuchElementException" message="Unable to locate element: //input[@id=&amp;apos;u_0_m&amp;apos;]
For documentation on this error, please visit: https://www.seleniumhq.org/exceptions/no_such_element.html
Build info: version: &amp;apos;3.141.59&amp;apos;, revision: &amp;apos;e82be7d358&amp;apos;, time: &amp;apos;2018-11-14T08:25:48&amp;apos;
System info: host: &amp;apos;CHARAN&amp;apos;, ip: &amp;apos;192.168.139.1&amp;apos;, os.name: &amp;apos;Windows 10&amp;apos;, os.arch: &amp;apos;amd64&amp;apos;, os.version: &amp;apos;10.0&amp;apos;, java.version: &amp;apos;1.8.0_151&amp;apos;
Driver info: org.openqa.selenium.firefox.FirefoxDriver
Capabilities {acceptInsecureCerts: true, browserName: firefox, browserVersion: 70.0.1, javascriptEnabled: true, moz:accessibilityChecks: false, moz:buildID: 20191030021342, moz:geckodriverVersion: 0.24.0, moz:headless: false, moz:processID: 8340, moz:profile: C:\Users\User\AppData\Local..., moz:shutdownTimeout: 60000, moz:useNonSpecCompliantPointerOrigin: false, moz:webdriverClick: true, pageLoadStrategy: normal, platform: WINDOWS, platformName: WINDOWS, platformVersion: 10.0, rotatable: false, setWindowRect: true, strictFileInteractability: false, timeouts: {implicit: 0, pageLoad: 300000, script: 30000}, unhandledPromptBehavior: dismiss and notify}
Session ID: 5b10bb2e-2a64-4eef-89fd-5ad4ae5bab55
*** Element info: {Using=xpath, value=//input[@id=&amp;apos;u_0_m&amp;apos;]}">
      <![CDATA[org.openqa.selenium.NoSuchElementException: Unable to locate element: //input[@id='u_0_m']
For documentation on this error, please visit: https://www.seleniumhq.org/exceptions/no_such_element.html
Build info: version: '3.141.59', revision: 'e82be7d358', time: '2018-11-14T08:25:48'
System info: host: 'CHARAN', ip: '192.168.139.1', os.name: 'Windows 10', os.arch: 'amd64', os.version: '10.0', java.version: '1.8.0_151'
Driver info: org.openqa.selenium.firefox.FirefoxDriver
Capabilities {acceptInsecureCerts: true, browserName: firefox, browserVersion: 70.0.1, javascriptEnabled: true, moz:accessibilityChecks: false, moz:buildID: 20191030021342, moz:geckodriverVersion: 0.24.0, moz:headless: false, moz:processID: 8340, moz:profile: C:\Users\User\AppData\Local..., moz:shutdownTimeout: 60000, moz:useNonSpecCompliantPointerOrigin: false, moz:webdriverClick: true, pageLoadStrategy: normal, platform: WINDOWS, platformName: WINDOWS, platformVersion: 10.0, rotatable: false, setWindowRect: true, strictFileInteractability: false, timeouts: {implicit: 0, pageLoad: 300000, script: 30000}, unhandledPromptBehavior: dismiss and notify}
Session ID: 5b10bb2e-2a64-4eef-89fd-5ad4ae5bab55
*** Element info: {Using=xpath, value=//input[@id='u_0_m']}
at org.openqa.selenium.remote.http.W3CHttpResponseCodec.createException(W3CHttpResponseCodec.java:187)
at org.openqa.selenium.remote.http.W3CHttpResponseCodec.decode(W3CHttpResponseCodec.java:122)
at org.openqa.selenium.remote.http.W3CHttpResponseCodec.decode(W3CHttpResponseCodec.java:49)
at org.openqa.selenium.remote.HttpCommandExecutor.execute(HttpCommandExecutor.java:158)
at org.openqa.selenium.remote.service.DriverCommandExecutor.execute(DriverCommandExecutor.java:83)
at org.openqa.selenium.remote.RemoteWebDriver.execute(RemoteWebDriver.java:552)
at org.openqa.selenium.remote.RemoteWebDriver.findElement(RemoteWebDriver.java:323)
at org.openqa.selenium.remote.RemoteWebDriver.findElementByXPath(RemoteWebDriver.java:428)
at org.openqa.selenium.By$ByXPath.findElement(By.java:353)
at org.openqa.selenium.remote.RemoteWebDriver.findElement(RemoteWebDriver.java:315)
at testng_package.FB_Testng_Class.FB_textbox(FB_Testng_Class.java:28)
at java.util.ArrayList.forEach(Unknown Source)
... Removed 31 stack frames]]>
    </failure>
  </testcase> <!-- FB_textbox -->
  <testcase name="f" time="0.003" classname="testng_package.Sample_Testng_Class"/>
  <testcase name="test" time="0.002" classname="testng_package.Sample_Testng_Class"/>
  <testcase name="test1" time="0.001" classname="testng_package.Sample_Testng_Class"/>
  <testcase name="al" time="0.002" classname="testng_package.Test_testng_class"/>
  <testcase name="aa" time="0.005" classname="testng_package.Test_testng_class"/>
  <testcase name="au" time="0.006" classname="testng_package.Test_testng_class"/>
  <testcase name="FB_Application" time="12.844" classname="testng_package.Test_testng"/>
  <testcase name="FB_Dropdown" time="1.601" classname="testng_package.Test_testng"/>
  <testcase name="ax" time="0.0" classname="testng_package.Test_testng_class">
    <ignored/>
  </testcase> <!-- ax -->
  <testcase name="ab" time="0.0" classname="testng_package.Test_testng_class">
    <ignored/>
  </testcase> <!-- ab -->
  <testcase name="FB_Textbox" time="0.0" classname="testng_package.Test_testng">
    <ignored/>
  </testcase> <!-- FB_Textbox -->
  <testcase name="az" time="0.0" classname="testng_package.Test_testng_class">
    <ignored/>
  </testcase> <!-- az -->
</testsuite> <!-- testng_test -->
